{"/Users/deividmafra/Documents/React/React-Native/goBarberApp/src/components/Button/index.tsx": {"path":"/Users/deividmafra/Documents/React/React-Native/goBarberApp/src/components/Button/index.tsx","statementMap":{"0":{"start":{"line":10,"column":38},"end":{"line":16,"column":1}},"1":{"start":{"line":11,"column":1},"end":{"line":15,"column":13}}},"fnMap":{"0":{"name":"(anonymous_0)","decl":{"start":{"line":10,"column":38},"end":{"line":10,"column":39}},"loc":{"start":{"line":11,"column":1},"end":{"line":15,"column":13}},"line":11}},"branchMap":{},"s":{"0":1,"1":1},"f":{"0":1},"b":{},"_coverageSchema":"1a1c01bbd47fc00a2c39e90264f33305004495a9","hash":"757eb60be1b830254ef3aa3ab25e50e460e41594"}
,"/Users/deividmafra/Documents/React/React-Native/goBarberApp/src/components/Input/index.tsx": {"path":"/Users/deividmafra/Documents/React/React-Native/goBarberApp/src/components/Input/index.tsx","statementMap":{"0":{"start":{"line":27,"column":68},"end":{"line":93,"column":1}},"1":{"start":{"line":31,"column":26},"end":{"line":31,"column":43}},"2":{"start":{"line":33,"column":65},"end":{"line":33,"column":79}},"3":{"start":{"line":35,"column":24},"end":{"line":35,"column":76}},"4":{"start":{"line":37,"column":36},"end":{"line":37,"column":51}},"5":{"start":{"line":38,"column":34},"end":{"line":38,"column":49}},"6":{"start":{"line":40,"column":27},"end":{"line":42,"column":8}},"7":{"start":{"line":41,"column":4},"end":{"line":41,"column":23}},"8":{"start":{"line":44,"column":26},"end":{"line":47,"column":8}},"9":{"start":{"line":45,"column":4},"end":{"line":45,"column":24}},"10":{"start":{"line":46,"column":4},"end":{"line":46,"column":47}},"11":{"start":{"line":49,"column":2},"end":{"line":53,"column":6}},"12":{"start":{"line":49,"column":34},"end":{"line":53,"column":3}},"13":{"start":{"line":51,"column":6},"end":{"line":51,"column":38}},"14":{"start":{"line":55,"column":2},"end":{"line":69,"column":33}},"15":{"start":{"line":56,"column":4},"end":{"line":68,"column":7}},"16":{"start":{"line":61,"column":8},"end":{"line":61,"column":44}},"17":{"start":{"line":62,"column":8},"end":{"line":62,"column":64}},"18":{"start":{"line":65,"column":8},"end":{"line":65,"column":41}},"19":{"start":{"line":66,"column":8},"end":{"line":66,"column":40}},"20":{"start":{"line":71,"column":2},"end":{"line":92,"column":4}},"21":{"start":{"line":87,"column":10},"end":{"line":87,"column":46}}},"fnMap":{"0":{"name":"(anonymous_0)","decl":{"start":{"line":27,"column":68},"end":{"line":27,"column":69}},"loc":{"start":{"line":30,"column":5},"end":{"line":93,"column":1}},"line":30},"1":{"name":"(anonymous_1)","decl":{"start":{"line":40,"column":39},"end":{"line":40,"column":40}},"loc":{"start":{"line":40,"column":45},"end":{"line":42,"column":3}},"line":40},"2":{"name":"(anonymous_2)","decl":{"start":{"line":44,"column":38},"end":{"line":44,"column":39}},"loc":{"start":{"line":44,"column":44},"end":{"line":47,"column":3}},"line":44},"3":{"name":"(anonymous_3)","decl":{"start":{"line":49,"column":27},"end":{"line":49,"column":28}},"loc":{"start":{"line":49,"column":34},"end":{"line":53,"column":3}},"line":49},"4":{"name":"(anonymous_4)","decl":{"start":{"line":50,"column":4},"end":{"line":50,"column":5}},"loc":{"start":{"line":50,"column":12},"end":{"line":52,"column":5}},"line":50},"5":{"name":"(anonymous_5)","decl":{"start":{"line":55,"column":12},"end":{"line":55,"column":13}},"loc":{"start":{"line":55,"column":18},"end":{"line":69,"column":3}},"line":55},"6":{"name":"(anonymous_6)","decl":{"start":{"line":60,"column":6},"end":{"line":60,"column":7}},"loc":{"start":{"line":60,"column":32},"end":{"line":63,"column":7}},"line":60},"7":{"name":"(anonymous_7)","decl":{"start":{"line":64,"column":6},"end":{"line":64,"column":7}},"loc":{"start":{"line":64,"column":19},"end":{"line":67,"column":7}},"line":64},"8":{"name":"(anonymous_8)","decl":{"start":{"line":86,"column":22},"end":{"line":86,"column":23}},"loc":{"start":{"line":86,"column":33},"end":{"line":88,"column":9}},"line":86}},"branchMap":{"0":{"loc":{"start":{"line":28,"column":16},"end":{"line":28,"column":35}},"type":"default-arg","locations":[{"start":{"line":28,"column":33},"end":{"line":28,"column":35}}],"line":28},"1":{"loc":{"start":{"line":33,"column":25},"end":{"line":33,"column":42}},"type":"default-arg","locations":[{"start":{"line":33,"column":40},"end":{"line":33,"column":42}}],"line":33},"2":{"loc":{"start":{"line":76,"column":15},"end":{"line":76,"column":60}},"type":"cond-expr","locations":[{"start":{"line":76,"column":39},"end":{"line":76,"column":48}},{"start":{"line":76,"column":51},"end":{"line":76,"column":60}}],"line":76},"3":{"loc":{"start":{"line":76,"column":15},"end":{"line":76,"column":36}},"type":"binary-expr","locations":[{"start":{"line":76,"column":15},"end":{"line":76,"column":24}},{"start":{"line":76,"column":28},"end":{"line":76,"column":36}}],"line":76}},"s":{"0":1,"1":2,"2":2,"3":2,"4":2,"5":2,"6":2,"7":0,"8":2,"9":0,"10":0,"11":2,"12":1,"13":0,"14":2,"15":2,"16":0,"17":0,"18":0,"19":0,"20":2,"21":0},"f":{"0":2,"1":0,"2":0,"3":1,"4":0,"5":2,"6":0,"7":0,"8":0},"b":{"0":[2],"1":[2],"2":[0,2],"3":[2,2]},"_coverageSchema":"1a1c01bbd47fc00a2c39e90264f33305004495a9","hash":"2018d8a51dfe0af88ac3df2f3a3d575b2836cf5f"}
,"/Users/deividmafra/Documents/React/React-Native/goBarberApp/src/hooks/auth.tsx": {"path":"/Users/deividmafra/Documents/React/React-Native/goBarberApp/src/hooks/auth.tsx","statementMap":{"0":{"start":{"line":37,"column":20},"end":{"line":37,"column":73}},"1":{"start":{"line":39,"column":38},"end":{"line":104,"column":1}},"2":{"start":{"line":40,"column":26},"end":{"line":40,"column":62}},"3":{"start":{"line":41,"column":32},"end":{"line":41,"column":46}},"4":{"start":{"line":43,"column":2},"end":{"line":59,"column":9}},"5":{"start":{"line":45,"column":28},"end":{"line":48,"column":8}},"6":{"start":{"line":50,"column":6},"end":{"line":53,"column":7}},"7":{"start":{"line":51,"column":8},"end":{"line":51,"column":66}},"8":{"start":{"line":52,"column":8},"end":{"line":52,"column":64}},"9":{"start":{"line":55,"column":6},"end":{"line":55,"column":24}},"10":{"start":{"line":58,"column":4},"end":{"line":58,"column":22}},"11":{"start":{"line":61,"column":17},"end":{"line":77,"column":8}},"12":{"start":{"line":62,"column":21},"end":{"line":65,"column":6}},"13":{"start":{"line":67,"column":28},"end":{"line":67,"column":41}},"14":{"start":{"line":69,"column":4},"end":{"line":72,"column":7}},"15":{"start":{"line":74,"column":4},"end":{"line":74,"column":59}},"16":{"start":{"line":76,"column":4},"end":{"line":76,"column":29}},"17":{"start":{"line":79,"column":18},"end":{"line":83,"column":8}},"18":{"start":{"line":80,"column":4},"end":{"line":80,"column":74}},"19":{"start":{"line":82,"column":4},"end":{"line":82,"column":29}},"20":{"start":{"line":85,"column":21},"end":{"line":95,"column":3}},"21":{"start":{"line":87,"column":6},"end":{"line":87,"column":73}},"22":{"start":{"line":89,"column":6},"end":{"line":92,"column":9}},"23":{"start":{"line":97,"column":2},"end":{"line":103,"column":4}},"24":{"start":{"line":107,"column":18},"end":{"line":107,"column":41}},"25":{"start":{"line":109,"column":2},"end":{"line":111,"column":3}},"26":{"start":{"line":110,"column":4},"end":{"line":110,"column":68}},"27":{"start":{"line":113,"column":2},"end":{"line":113,"column":17}}},"fnMap":{"0":{"name":"(anonymous_0)","decl":{"start":{"line":39,"column":38},"end":{"line":39,"column":39}},"loc":{"start":{"line":39,"column":56},"end":{"line":104,"column":1}},"line":39},"1":{"name":"(anonymous_1)","decl":{"start":{"line":43,"column":12},"end":{"line":43,"column":13}},"loc":{"start":{"line":43,"column":18},"end":{"line":59,"column":3}},"line":43},"2":{"name":"loadStorageData","decl":{"start":{"line":44,"column":19},"end":{"line":44,"column":34}},"loc":{"start":{"line":44,"column":52},"end":{"line":56,"column":5}},"line":44},"3":{"name":"(anonymous_3)","decl":{"start":{"line":61,"column":29},"end":{"line":61,"column":30}},"loc":{"start":{"line":61,"column":60},"end":{"line":77,"column":3}},"line":61},"4":{"name":"(anonymous_4)","decl":{"start":{"line":79,"column":30},"end":{"line":79,"column":31}},"loc":{"start":{"line":79,"column":42},"end":{"line":83,"column":3}},"line":79},"5":{"name":"(anonymous_5)","decl":{"start":{"line":86,"column":4},"end":{"line":86,"column":5}},"loc":{"start":{"line":86,"column":26},"end":{"line":93,"column":5}},"line":86},"6":{"name":"useAuth","decl":{"start":{"line":106,"column":16},"end":{"line":106,"column":23}},"loc":{"start":{"line":106,"column":43},"end":{"line":114,"column":1}},"line":106}},"branchMap":{"0":{"loc":{"start":{"line":50,"column":6},"end":{"line":53,"column":7}},"type":"if","locations":[{"start":{"line":50,"column":6},"end":{"line":53,"column":7}},{"start":{"line":50,"column":6},"end":{"line":53,"column":7}}],"line":50},"1":{"loc":{"start":{"line":50,"column":10},"end":{"line":50,"column":29}},"type":"binary-expr","locations":[{"start":{"line":50,"column":10},"end":{"line":50,"column":18}},{"start":{"line":50,"column":22},"end":{"line":50,"column":29}}],"line":50},"2":{"loc":{"start":{"line":109,"column":2},"end":{"line":111,"column":3}},"type":"if","locations":[{"start":{"line":109,"column":2},"end":{"line":111,"column":3}},{"start":{"line":109,"column":2},"end":{"line":111,"column":3}}],"line":109}},"s":{"0":1,"1":1,"2":0,"3":0,"4":0,"5":0,"6":0,"7":0,"8":0,"9":0,"10":0,"11":0,"12":0,"13":0,"14":0,"15":0,"16":0,"17":0,"18":0,"19":0,"20":0,"21":0,"22":0,"23":0,"24":1,"25":1,"26":0,"27":1},"f":{"0":0,"1":0,"2":0,"3":0,"4":0,"5":0,"6":1},"b":{"0":[0,0],"1":[0,0],"2":[0,1]},"_coverageSchema":"1a1c01bbd47fc00a2c39e90264f33305004495a9","hash":"8bdbb2b8406ac7410b0c3819a76fce5a391cbac2"}
,"/Users/deividmafra/Documents/React/React-Native/goBarberApp/src/pages/AppointmentCreated/index.tsx": {"path":"/Users/deividmafra/Documents/React/React-Native/goBarberApp/src/pages/AppointmentCreated/index.tsx","statementMap":{"0":{"start":{"line":17,"column":37},"end":{"line":44,"column":1}},"1":{"start":{"line":18,"column":20},"end":{"line":18,"column":35}},"2":{"start":{"line":19,"column":21},"end":{"line":19,"column":31}},"3":{"start":{"line":21,"column":22},"end":{"line":21,"column":43}},"4":{"start":{"line":23,"column":26},"end":{"line":28,"column":13}},"5":{"start":{"line":24,"column":4},"end":{"line":27,"column":7}},"6":{"start":{"line":30,"column":24},"end":{"line":32,"column":24}},"7":{"start":{"line":31,"column":4},"end":{"line":31,"column":75}},"8":{"start":{"line":34,"column":2},"end":{"line":43,"column":4}}},"fnMap":{"0":{"name":"(anonymous_0)","decl":{"start":{"line":17,"column":37},"end":{"line":17,"column":38}},"loc":{"start":{"line":17,"column":43},"end":{"line":44,"column":1}},"line":17},"1":{"name":"(anonymous_1)","decl":{"start":{"line":23,"column":38},"end":{"line":23,"column":39}},"loc":{"start":{"line":23,"column":44},"end":{"line":28,"column":3}},"line":23},"2":{"name":"(anonymous_2)","decl":{"start":{"line":30,"column":32},"end":{"line":30,"column":33}},"loc":{"start":{"line":30,"column":38},"end":{"line":32,"column":3}},"line":30}},"branchMap":{},"s":{"0":0,"1":0,"2":0,"3":0,"4":0,"5":0,"6":0,"7":0,"8":0},"f":{"0":0,"1":0,"2":0},"b":{}}
,"/Users/deividmafra/Documents/React/React-Native/goBarberApp/src/pages/CreateAppointment/index.tsx": {"path":"/Users/deividmafra/Documents/React/React-Native/goBarberApp/src/pages/CreateAppointment/index.tsx","statementMap":{"0":{"start":{"line":52,"column":36},"end":{"line":255,"column":1}},"1":{"start":{"line":53,"column":19},"end":{"line":53,"column":28}},"2":{"start":{"line":54,"column":16},"end":{"line":54,"column":26}},"3":{"start":{"line":55,"column":22},"end":{"line":55,"column":49}},"4":{"start":{"line":56,"column":31},"end":{"line":56,"column":46}},"5":{"start":{"line":58,"column":42},"end":{"line":58,"column":74}},"6":{"start":{"line":59,"column":36},"end":{"line":59,"column":60}},"7":{"start":{"line":60,"column":46},"end":{"line":60,"column":70}},"8":{"start":{"line":61,"column":42},"end":{"line":61,"column":53}},"9":{"start":{"line":62,"column":42},"end":{"line":62,"column":62}},"10":{"start":{"line":64,"column":50},"end":{"line":66,"column":3}},"11":{"start":{"line":68,"column":2},"end":{"line":72,"column":9}},"12":{"start":{"line":69,"column":4},"end":{"line":71,"column":7}},"13":{"start":{"line":70,"column":6},"end":{"line":70,"column":34}},"14":{"start":{"line":74,"column":2},"end":{"line":86,"column":39}},"15":{"start":{"line":75,"column":4},"end":{"line":85,"column":9}},"16":{"start":{"line":84,"column":8},"end":{"line":84,"column":39}},"17":{"start":{"line":88,"column":23},"end":{"line":90,"column":14}},"18":{"start":{"line":89,"column":4},"end":{"line":89,"column":13}},"19":{"start":{"line":92,"column":27},"end":{"line":94,"column":8}},"20":{"start":{"line":93,"column":4},"end":{"line":93,"column":26}},"21":{"start":{"line":96,"column":31},"end":{"line":98,"column":8}},"22":{"start":{"line":97,"column":4},"end":{"line":97,"column":36}},"23":{"start":{"line":100,"column":33},"end":{"line":102,"column":8}},"24":{"start":{"line":101,"column":4},"end":{"line":101,"column":41}},"25":{"start":{"line":101,"column":33},"end":{"line":101,"column":39}},"26":{"start":{"line":104,"column":27},"end":{"line":111,"column":8}},"27":{"start":{"line":105,"column":4},"end":{"line":107,"column":5}},"28":{"start":{"line":106,"column":6},"end":{"line":106,"column":31}},"29":{"start":{"line":108,"column":4},"end":{"line":110,"column":5}},"30":{"start":{"line":109,"column":6},"end":{"line":109,"column":28}},"31":{"start":{"line":113,"column":34},"end":{"line":132,"column":62}},"32":{"start":{"line":114,"column":4},"end":{"line":131,"column":5}},"33":{"start":{"line":115,"column":19},"end":{"line":115,"column":41}},"34":{"start":{"line":117,"column":6},"end":{"line":117,"column":34}},"35":{"start":{"line":118,"column":6},"end":{"line":118,"column":25}},"36":{"start":{"line":120,"column":6},"end":{"line":123,"column":9}},"37":{"start":{"line":125,"column":6},"end":{"line":125,"column":63}},"38":{"start":{"line":127,"column":6},"end":{"line":130,"column":8}},"39":{"start":{"line":134,"column":30},"end":{"line":144,"column":20}},"40":{"start":{"line":135,"column":4},"end":{"line":143,"column":9}},"41":{"start":{"line":136,"column":28},"end":{"line":136,"column":37}},"42":{"start":{"line":138,"column":8},"end":{"line":142,"column":10}},"43":{"start":{"line":146,"column":32},"end":{"line":156,"column":20}},"44":{"start":{"line":147,"column":4},"end":{"line":155,"column":9}},"45":{"start":{"line":148,"column":28},"end":{"line":148,"column":38}},"46":{"start":{"line":150,"column":8},"end":{"line":154,"column":10}},"47":{"start":{"line":158,"column":2},"end":{"line":254,"column":4}},"48":{"start":{"line":176,"column":40},"end":{"line":176,"column":51}},"49":{"start":{"line":178,"column":14},"end":{"line":186,"column":34}},"50":{"start":{"line":179,"column":31},"end":{"line":179,"column":64}},"51":{"start":{"line":212,"column":16},"end":{"line":222,"column":23}},"52":{"start":{"line":215,"column":33},"end":{"line":215,"column":55}},"53":{"start":{"line":232,"column":18},"end":{"line":242,"column":25}},"54":{"start":{"line":235,"column":35},"end":{"line":235,"column":57}}},"fnMap":{"0":{"name":"(anonymous_0)","decl":{"start":{"line":52,"column":36},"end":{"line":52,"column":37}},"loc":{"start":{"line":52,"column":42},"end":{"line":255,"column":1}},"line":52},"1":{"name":"(anonymous_1)","decl":{"start":{"line":68,"column":12},"end":{"line":68,"column":13}},"loc":{"start":{"line":68,"column":18},"end":{"line":72,"column":3}},"line":68},"2":{"name":"(anonymous_2)","decl":{"start":{"line":69,"column":30},"end":{"line":69,"column":31}},"loc":{"start":{"line":69,"column":44},"end":{"line":71,"column":5}},"line":69},"3":{"name":"(anonymous_3)","decl":{"start":{"line":74,"column":12},"end":{"line":74,"column":13}},"loc":{"start":{"line":74,"column":18},"end":{"line":86,"column":3}},"line":74},"4":{"name":"(anonymous_4)","decl":{"start":{"line":83,"column":12},"end":{"line":83,"column":13}},"loc":{"start":{"line":83,"column":26},"end":{"line":85,"column":7}},"line":83},"5":{"name":"(anonymous_5)","decl":{"start":{"line":88,"column":35},"end":{"line":88,"column":36}},"loc":{"start":{"line":88,"column":41},"end":{"line":90,"column":3}},"line":88},"6":{"name":"(anonymous_6)","decl":{"start":{"line":92,"column":39},"end":{"line":92,"column":40}},"loc":{"start":{"line":92,"column":57},"end":{"line":94,"column":3}},"line":92},"7":{"name":"(anonymous_7)","decl":{"start":{"line":96,"column":43},"end":{"line":96,"column":44}},"loc":{"start":{"line":96,"column":67},"end":{"line":98,"column":3}},"line":96},"8":{"name":"(anonymous_8)","decl":{"start":{"line":100,"column":45},"end":{"line":100,"column":46}},"loc":{"start":{"line":100,"column":51},"end":{"line":102,"column":3}},"line":100},"9":{"name":"(anonymous_9)","decl":{"start":{"line":101,"column":22},"end":{"line":101,"column":23}},"loc":{"start":{"line":101,"column":33},"end":{"line":101,"column":39}},"line":101},"10":{"name":"(anonymous_10)","decl":{"start":{"line":104,"column":39},"end":{"line":104,"column":40}},"loc":{"start":{"line":104,"column":79},"end":{"line":111,"column":3}},"line":104},"11":{"name":"(anonymous_11)","decl":{"start":{"line":113,"column":46},"end":{"line":113,"column":47}},"loc":{"start":{"line":113,"column":58},"end":{"line":132,"column":3}},"line":113},"12":{"name":"(anonymous_12)","decl":{"start":{"line":134,"column":38},"end":{"line":134,"column":39}},"loc":{"start":{"line":134,"column":44},"end":{"line":144,"column":3}},"line":134},"13":{"name":"(anonymous_13)","decl":{"start":{"line":136,"column":14},"end":{"line":136,"column":15}},"loc":{"start":{"line":136,"column":28},"end":{"line":136,"column":37}},"line":136},"14":{"name":"(anonymous_14)","decl":{"start":{"line":137,"column":11},"end":{"line":137,"column":12}},"loc":{"start":{"line":137,"column":36},"end":{"line":143,"column":7}},"line":137},"15":{"name":"(anonymous_15)","decl":{"start":{"line":146,"column":40},"end":{"line":146,"column":41}},"loc":{"start":{"line":146,"column":46},"end":{"line":156,"column":3}},"line":146},"16":{"name":"(anonymous_16)","decl":{"start":{"line":148,"column":14},"end":{"line":148,"column":15}},"loc":{"start":{"line":148,"column":28},"end":{"line":148,"column":38}},"line":148},"17":{"name":"(anonymous_17)","decl":{"start":{"line":149,"column":11},"end":{"line":149,"column":12}},"loc":{"start":{"line":149,"column":36},"end":{"line":155,"column":7}},"line":149},"18":{"name":"(anonymous_18)","decl":{"start":{"line":176,"column":26},"end":{"line":176,"column":27}},"loc":{"start":{"line":176,"column":40},"end":{"line":176,"column":51}},"line":176},"19":{"name":"(anonymous_19)","decl":{"start":{"line":177,"column":24},"end":{"line":177,"column":25}},"loc":{"start":{"line":178,"column":14},"end":{"line":186,"column":34}},"line":178},"20":{"name":"(anonymous_20)","decl":{"start":{"line":179,"column":25},"end":{"line":179,"column":26}},"loc":{"start":{"line":179,"column":31},"end":{"line":179,"column":64}},"line":179},"21":{"name":"(anonymous_21)","decl":{"start":{"line":211,"column":39},"end":{"line":211,"column":40}},"loc":{"start":{"line":212,"column":16},"end":{"line":222,"column":23}},"line":212},"22":{"name":"(anonymous_22)","decl":{"start":{"line":215,"column":27},"end":{"line":215,"column":28}},"loc":{"start":{"line":215,"column":33},"end":{"line":215,"column":55}},"line":215},"23":{"name":"(anonymous_23)","decl":{"start":{"line":231,"column":16},"end":{"line":231,"column":17}},"loc":{"start":{"line":232,"column":18},"end":{"line":242,"column":25}},"line":232},"24":{"name":"(anonymous_24)","decl":{"start":{"line":235,"column":29},"end":{"line":235,"column":30}},"loc":{"start":{"line":235,"column":35},"end":{"line":235,"column":57}},"line":235}},"branchMap":{"0":{"loc":{"start":{"line":105,"column":4},"end":{"line":107,"column":5}},"type":"if","locations":[{"start":{"line":105,"column":4},"end":{"line":107,"column":5}},{"start":{"line":105,"column":4},"end":{"line":107,"column":5}}],"line":105},"1":{"loc":{"start":{"line":108,"column":4},"end":{"line":110,"column":5}},"type":"if","locations":[{"start":{"line":108,"column":4},"end":{"line":110,"column":5}},{"start":{"line":108,"column":4},"end":{"line":110,"column":5}}],"line":108},"2":{"loc":{"start":{"line":197,"column":11},"end":{"line":205,"column":11}},"type":"binary-expr","locations":[{"start":{"line":197,"column":11},"end":{"line":197,"column":25}},{"start":{"line":198,"column":12},"end":{"line":204,"column":14}}],"line":197}},"s":{"0":0,"1":0,"2":0,"3":0,"4":0,"5":0,"6":0,"7":0,"8":0,"9":0,"10":0,"11":0,"12":0,"13":0,"14":0,"15":0,"16":0,"17":0,"18":0,"19":0,"20":0,"21":0,"22":0,"23":0,"24":0,"25":0,"26":0,"27":0,"28":0,"29":0,"30":0,"31":0,"32":0,"33":0,"34":0,"35":0,"36":0,"37":0,"38":0,"39":0,"40":0,"41":0,"42":0,"43":0,"44":0,"45":0,"46":0,"47":0,"48":0,"49":0,"50":0,"51":0,"52":0,"53":0,"54":0},"f":{"0":0,"1":0,"2":0,"3":0,"4":0,"5":0,"6":0,"7":0,"8":0,"9":0,"10":0,"11":0,"12":0,"13":0,"14":0,"15":0,"16":0,"17":0,"18":0,"19":0,"20":0,"21":0,"22":0,"23":0,"24":0},"b":{"0":[0,0],"1":[0,0],"2":[0,0]}}
,"/Users/deividmafra/Documents/React/React-Native/goBarberApp/src/pages/Dashboard/index.tsx": {"path":"/Users/deividmafra/Documents/React/React-Native/goBarberApp/src/pages/Dashboard/index.tsx","statementMap":{"0":{"start":{"line":29,"column":28},"end":{"line":94,"column":1}},"1":{"start":{"line":30,"column":19},"end":{"line":30,"column":28}},"2":{"start":{"line":31,"column":21},"end":{"line":31,"column":36}},"3":{"start":{"line":32,"column":36},"end":{"line":32,"column":60}},"4":{"start":{"line":34,"column":2},"end":{"line":38,"column":9}},"5":{"start":{"line":35,"column":4},"end":{"line":37,"column":7}},"6":{"start":{"line":36,"column":6},"end":{"line":36,"column":34}},"7":{"start":{"line":40,"column":38},"end":{"line":45,"column":3}},"8":{"start":{"line":42,"column":6},"end":{"line":42,"column":63}},"9":{"start":{"line":47,"column":28},"end":{"line":49,"column":18}},"10":{"start":{"line":48,"column":4},"end":{"line":48,"column":35}},"11":{"start":{"line":51,"column":2},"end":{"line":93,"column":4}},"12":{"start":{"line":67,"column":36},"end":{"line":67,"column":47}},"13":{"start":{"line":72,"column":10},"end":{"line":89,"column":30}},"14":{"start":{"line":73,"column":27},"end":{"line":73,"column":67}}},"fnMap":{"0":{"name":"(anonymous_0)","decl":{"start":{"line":29,"column":28},"end":{"line":29,"column":29}},"loc":{"start":{"line":29,"column":34},"end":{"line":94,"column":1}},"line":29},"1":{"name":"(anonymous_1)","decl":{"start":{"line":34,"column":12},"end":{"line":34,"column":13}},"loc":{"start":{"line":34,"column":18},"end":{"line":38,"column":3}},"line":34},"2":{"name":"(anonymous_2)","decl":{"start":{"line":35,"column":30},"end":{"line":35,"column":31}},"loc":{"start":{"line":35,"column":44},"end":{"line":37,"column":5}},"line":35},"3":{"name":"(anonymous_3)","decl":{"start":{"line":41,"column":4},"end":{"line":41,"column":5}},"loc":{"start":{"line":41,"column":28},"end":{"line":43,"column":5}},"line":41},"4":{"name":"(anonymous_4)","decl":{"start":{"line":47,"column":40},"end":{"line":47,"column":41}},"loc":{"start":{"line":47,"column":46},"end":{"line":49,"column":3}},"line":47},"5":{"name":"(anonymous_5)","decl":{"start":{"line":67,"column":22},"end":{"line":67,"column":23}},"loc":{"start":{"line":67,"column":36},"end":{"line":67,"column":47}},"line":67},"6":{"name":"(anonymous_6)","decl":{"start":{"line":71,"column":20},"end":{"line":71,"column":21}},"loc":{"start":{"line":72,"column":10},"end":{"line":89,"column":30}},"line":72},"7":{"name":"(anonymous_7)","decl":{"start":{"line":73,"column":21},"end":{"line":73,"column":22}},"loc":{"start":{"line":73,"column":27},"end":{"line":73,"column":67}},"line":73}},"branchMap":{},"s":{"0":0,"1":0,"2":0,"3":0,"4":0,"5":0,"6":0,"7":0,"8":0,"9":0,"10":0,"11":0,"12":0,"13":0,"14":0},"f":{"0":0,"1":0,"2":0,"3":0,"4":0,"5":0,"6":0,"7":0},"b":{}}
,"/Users/deividmafra/Documents/React/React-Native/goBarberApp/src/pages/Profile/index.tsx": {"path":"/Users/deividmafra/Documents/React/React-Native/goBarberApp/src/pages/Profile/index.tsx","statementMap":{"0":{"start":{"line":46,"column":26},"end":{"line":321,"column":1}},"1":{"start":{"line":47,"column":31},"end":{"line":47,"column":40}},"2":{"start":{"line":48,"column":24},"end":{"line":48,"column":47}},"3":{"start":{"line":49,"column":30},"end":{"line":49,"column":53}},"4":{"start":{"line":50,"column":30},"end":{"line":50,"column":53}},"5":{"start":{"line":51,"column":34},"end":{"line":51,"column":57}},"6":{"start":{"line":53,"column":32},"end":{"line":53,"column":47}},"7":{"start":{"line":55,"column":18},"end":{"line":55,"column":43}},"8":{"start":{"line":56,"column":21},"end":{"line":56,"column":36}},"9":{"start":{"line":58,"column":23},"end":{"line":60,"column":18}},"10":{"start":{"line":59,"column":4},"end":{"line":59,"column":24}},"11":{"start":{"line":62,"column":51},"end":{"line":65,"column":3}},"12":{"start":{"line":67,"column":46},"end":{"line":72,"column":3}},"13":{"start":{"line":74,"column":29},"end":{"line":76,"column":8}},"14":{"start":{"line":75,"column":4},"end":{"line":75,"column":34}},"15":{"start":{"line":75,"column":26},"end":{"line":75,"column":32}},"16":{"start":{"line":78,"column":33},"end":{"line":109,"column":48}},"17":{"start":{"line":79,"column":4},"end":{"line":106,"column":7}},"18":{"start":{"line":80,"column":6},"end":{"line":82,"column":7}},"19":{"start":{"line":81,"column":8},"end":{"line":81,"column":15}},"20":{"start":{"line":84,"column":6},"end":{"line":91,"column":7}},"21":{"start":{"line":85,"column":8},"end":{"line":90,"column":9}},"22":{"start":{"line":86,"column":10},"end":{"line":89,"column":12}},"23":{"start":{"line":93,"column":19},"end":{"line":93,"column":33}},"24":{"start":{"line":95,"column":6},"end":{"line":101,"column":7}},"25":{"start":{"line":96,"column":8},"end":{"line":100,"column":11}},"26":{"start":{"line":103,"column":6},"end":{"line":105,"column":9}},"27":{"start":{"line":104,"column":8},"end":{"line":104,"column":37}},"28":{"start":{"line":108,"column":4},"end":{"line":108,"column":22}},"29":{"start":{"line":111,"column":27},"end":{"line":142,"column":49}},"30":{"start":{"line":112,"column":4},"end":{"line":139,"column":7}},"31":{"start":{"line":113,"column":6},"end":{"line":115,"column":7}},"32":{"start":{"line":114,"column":8},"end":{"line":114,"column":15}},"33":{"start":{"line":117,"column":6},"end":{"line":124,"column":7}},"34":{"start":{"line":118,"column":8},"end":{"line":123,"column":9}},"35":{"start":{"line":119,"column":10},"end":{"line":122,"column":12}},"36":{"start":{"line":126,"column":19},"end":{"line":126,"column":33}},"37":{"start":{"line":128,"column":6},"end":{"line":134,"column":7}},"38":{"start":{"line":129,"column":8},"end":{"line":133,"column":11}},"39":{"start":{"line":136,"column":6},"end":{"line":138,"column":9}},"40":{"start":{"line":137,"column":8},"end":{"line":137,"column":37}},"41":{"start":{"line":141,"column":4},"end":{"line":141,"column":22}},"42":{"start":{"line":144,"column":24},"end":{"line":209,"column":3}},"43":{"start":{"line":146,"column":6},"end":{"line":206,"column":7}},"44":{"start":{"line":147,"column":8},"end":{"line":147,"column":39}},"45":{"start":{"line":149,"column":23},"end":{"line":169,"column":10}},"46":{"start":{"line":156,"column":27},"end":{"line":156,"column":41}},"47":{"start":{"line":164,"column":29},"end":{"line":164,"column":43}},"48":{"start":{"line":171,"column":8},"end":{"line":173,"column":11}},"49":{"start":{"line":176,"column":10},"end":{"line":176,"column":14}},"50":{"start":{"line":178,"column":25},"end":{"line":188,"column":9}},"51":{"start":{"line":190,"column":25},"end":{"line":190,"column":60}},"52":{"start":{"line":192,"column":8},"end":{"line":192,"column":34}},"53":{"start":{"line":194,"column":8},"end":{"line":194,"column":53}},"54":{"start":{"line":196,"column":8},"end":{"line":196,"column":28}},"55":{"start":{"line":198,"column":8},"end":{"line":203,"column":9}},"56":{"start":{"line":199,"column":25},"end":{"line":199,"column":49}},"57":{"start":{"line":200,"column":10},"end":{"line":200,"column":45}},"58":{"start":{"line":202,"column":10},"end":{"line":202,"column":17}},"59":{"start":{"line":205,"column":8},"end":{"line":205,"column":76}},"60":{"start":{"line":211,"column":2},"end":{"line":320,"column":4}},"61":{"start":{"line":243,"column":18},"end":{"line":243,"column":49}},"62":{"start":{"line":257,"column":18},"end":{"line":257,"column":55}},"63":{"start":{"line":269,"column":39},"end":{"line":269,"column":75}},"64":{"start":{"line":279,"column":39},"end":{"line":279,"column":79}},"65":{"start":{"line":289,"column":39},"end":{"line":289,"column":68}},"66":{"start":{"line":292,"column":37},"end":{"line":292,"column":66}}},"fnMap":{"0":{"name":"(anonymous_0)","decl":{"start":{"line":46,"column":26},"end":{"line":46,"column":27}},"loc":{"start":{"line":46,"column":32},"end":{"line":321,"column":1}},"line":46},"1":{"name":"(anonymous_1)","decl":{"start":{"line":58,"column":35},"end":{"line":58,"column":36}},"loc":{"start":{"line":58,"column":41},"end":{"line":60,"column":3}},"line":58},"2":{"name":"(anonymous_2)","decl":{"start":{"line":74,"column":41},"end":{"line":74,"column":42}},"loc":{"start":{"line":74,"column":47},"end":{"line":76,"column":3}},"line":74},"3":{"name":"(anonymous_3)","decl":{"start":{"line":75,"column":15},"end":{"line":75,"column":16}},"loc":{"start":{"line":75,"column":26},"end":{"line":75,"column":32}},"line":75},"4":{"name":"(anonymous_4)","decl":{"start":{"line":78,"column":45},"end":{"line":78,"column":46}},"loc":{"start":{"line":78,"column":51},"end":{"line":109,"column":3}},"line":78},"5":{"name":"(anonymous_5)","decl":{"start":{"line":79,"column":44},"end":{"line":79,"column":45}},"loc":{"start":{"line":79,"column":58},"end":{"line":106,"column":5}},"line":79},"6":{"name":"(anonymous_6)","decl":{"start":{"line":103,"column":43},"end":{"line":103,"column":44}},"loc":{"start":{"line":103,"column":60},"end":{"line":105,"column":7}},"line":103},"7":{"name":"(anonymous_7)","decl":{"start":{"line":111,"column":39},"end":{"line":111,"column":40}},"loc":{"start":{"line":111,"column":45},"end":{"line":142,"column":3}},"line":111},"8":{"name":"(anonymous_8)","decl":{"start":{"line":112,"column":39},"end":{"line":112,"column":40}},"loc":{"start":{"line":112,"column":53},"end":{"line":139,"column":5}},"line":112},"9":{"name":"(anonymous_9)","decl":{"start":{"line":136,"column":43},"end":{"line":136,"column":44}},"loc":{"start":{"line":136,"column":60},"end":{"line":138,"column":7}},"line":136},"10":{"name":"(anonymous_10)","decl":{"start":{"line":145,"column":4},"end":{"line":145,"column":5}},"loc":{"start":{"line":145,"column":37},"end":{"line":207,"column":5}},"line":145},"11":{"name":"(anonymous_11)","decl":{"start":{"line":156,"column":16},"end":{"line":156,"column":17}},"loc":{"start":{"line":156,"column":27},"end":{"line":156,"column":41}},"line":156},"12":{"name":"(anonymous_12)","decl":{"start":{"line":164,"column":18},"end":{"line":164,"column":19}},"loc":{"start":{"line":164,"column":29},"end":{"line":164,"column":43}},"line":164},"13":{"name":"(anonymous_13)","decl":{"start":{"line":242,"column":33},"end":{"line":242,"column":34}},"loc":{"start":{"line":242,"column":39},"end":{"line":244,"column":17}},"line":242},"14":{"name":"(anonymous_14)","decl":{"start":{"line":256,"column":33},"end":{"line":256,"column":34}},"loc":{"start":{"line":256,"column":39},"end":{"line":258,"column":17}},"line":256},"15":{"name":"(anonymous_15)","decl":{"start":{"line":269,"column":33},"end":{"line":269,"column":34}},"loc":{"start":{"line":269,"column":39},"end":{"line":269,"column":75}},"line":269},"16":{"name":"(anonymous_16)","decl":{"start":{"line":279,"column":33},"end":{"line":279,"column":34}},"loc":{"start":{"line":279,"column":39},"end":{"line":279,"column":79}},"line":279},"17":{"name":"(anonymous_17)","decl":{"start":{"line":289,"column":33},"end":{"line":289,"column":34}},"loc":{"start":{"line":289,"column":39},"end":{"line":289,"column":68}},"line":289},"18":{"name":"(anonymous_18)","decl":{"start":{"line":292,"column":31},"end":{"line":292,"column":32}},"loc":{"start":{"line":292,"column":37},"end":{"line":292,"column":66}},"line":292}},"branchMap":{"0":{"loc":{"start":{"line":80,"column":6},"end":{"line":82,"column":7}},"type":"if","locations":[{"start":{"line":80,"column":6},"end":{"line":82,"column":7}},{"start":{"line":80,"column":6},"end":{"line":82,"column":7}}],"line":80},"1":{"loc":{"start":{"line":84,"column":6},"end":{"line":91,"column":7}},"type":"if","locations":[{"start":{"line":84,"column":6},"end":{"line":91,"column":7}},{"start":{"line":84,"column":6},"end":{"line":91,"column":7}}],"line":84},"2":{"loc":{"start":{"line":85,"column":8},"end":{"line":90,"column":9}},"type":"if","locations":[{"start":{"line":85,"column":8},"end":{"line":90,"column":9}},{"start":{"line":85,"column":8},"end":{"line":90,"column":9}}],"line":85},"3":{"loc":{"start":{"line":95,"column":6},"end":{"line":101,"column":7}},"type":"if","locations":[{"start":{"line":95,"column":6},"end":{"line":101,"column":7}},{"start":{"line":95,"column":6},"end":{"line":101,"column":7}}],"line":95},"4":{"loc":{"start":{"line":113,"column":6},"end":{"line":115,"column":7}},"type":"if","locations":[{"start":{"line":113,"column":6},"end":{"line":115,"column":7}},{"start":{"line":113,"column":6},"end":{"line":115,"column":7}}],"line":113},"5":{"loc":{"start":{"line":117,"column":6},"end":{"line":124,"column":7}},"type":"if","locations":[{"start":{"line":117,"column":6},"end":{"line":124,"column":7}},{"start":{"line":117,"column":6},"end":{"line":124,"column":7}}],"line":117},"6":{"loc":{"start":{"line":118,"column":8},"end":{"line":123,"column":9}},"type":"if","locations":[{"start":{"line":118,"column":8},"end":{"line":123,"column":9}},{"start":{"line":118,"column":8},"end":{"line":123,"column":9}}],"line":118},"7":{"loc":{"start":{"line":128,"column":6},"end":{"line":134,"column":7}},"type":"if","locations":[{"start":{"line":128,"column":6},"end":{"line":134,"column":7}},{"start":{"line":128,"column":6},"end":{"line":134,"column":7}}],"line":128},"8":{"loc":{"start":{"line":181,"column":14},"end":{"line":187,"column":16}},"type":"cond-expr","locations":[{"start":{"line":182,"column":14},"end":{"line":186,"column":15}},{"start":{"line":187,"column":14},"end":{"line":187,"column":16}}],"line":181},"9":{"loc":{"start":{"line":198,"column":8},"end":{"line":203,"column":9}},"type":"if","locations":[{"start":{"line":198,"column":8},"end":{"line":203,"column":9}},{"start":{"line":198,"column":8},"end":{"line":203,"column":9}}],"line":198},"10":{"loc":{"start":{"line":215,"column":18},"end":{"line":215,"column":63}},"type":"cond-expr","locations":[{"start":{"line":215,"column":42},"end":{"line":215,"column":51}},{"start":{"line":215,"column":54},"end":{"line":215,"column":63}}],"line":215}},"s":{"0":0,"1":0,"2":0,"3":0,"4":0,"5":0,"6":0,"7":0,"8":0,"9":0,"10":0,"11":0,"12":0,"13":0,"14":0,"15":0,"16":0,"17":0,"18":0,"19":0,"20":0,"21":0,"22":0,"23":0,"24":0,"25":0,"26":0,"27":0,"28":0,"29":0,"30":0,"31":0,"32":0,"33":0,"34":0,"35":0,"36":0,"37":0,"38":0,"39":0,"40":0,"41":0,"42":0,"43":0,"44":0,"45":0,"46":0,"47":0,"48":0,"49":0,"50":0,"51":0,"52":0,"53":0,"54":0,"55":0,"56":0,"57":0,"58":0,"59":0,"60":0,"61":0,"62":0,"63":0,"64":0,"65":0,"66":0},"f":{"0":0,"1":0,"2":0,"3":0,"4":0,"5":0,"6":0,"7":0,"8":0,"9":0,"10":0,"11":0,"12":0,"13":0,"14":0,"15":0,"16":0,"17":0,"18":0},"b":{"0":[0,0],"1":[0,0],"2":[0,0],"3":[0,0],"4":[0,0],"5":[0,0],"6":[0,0],"7":[0,0],"8":[0,0],"9":[0,0],"10":[0,0]}}
,"/Users/deividmafra/Documents/React/React-Native/goBarberApp/src/pages/SignIn/index.tsx": {"path":"/Users/deividmafra/Documents/React/React-Native/goBarberApp/src/pages/SignIn/index.tsx","statementMap":{"0":{"start":{"line":37,"column":25},"end":{"line":147,"column":1}},"1":{"start":{"line":38,"column":27},"end":{"line":38,"column":50}},"2":{"start":{"line":40,"column":18},"end":{"line":40,"column":43}},"3":{"start":{"line":42,"column":21},"end":{"line":42,"column":36}},"4":{"start":{"line":44,"column":21},"end":{"line":44,"column":30}},"5":{"start":{"line":46,"column":23},"end":{"line":80,"column":3}},"6":{"start":{"line":48,"column":6},"end":{"line":48,"column":37}},"7":{"start":{"line":50,"column":6},"end":{"line":77,"column":7}},"8":{"start":{"line":51,"column":23},"end":{"line":56,"column":10}},"9":{"start":{"line":57,"column":8},"end":{"line":59,"column":11}},"10":{"start":{"line":61,"column":8},"end":{"line":64,"column":11}},"11":{"start":{"line":66,"column":8},"end":{"line":71,"column":9}},"12":{"start":{"line":67,"column":25},"end":{"line":67,"column":49}},"13":{"start":{"line":68,"column":10},"end":{"line":68,"column":45}},"14":{"start":{"line":70,"column":10},"end":{"line":70,"column":17}},"15":{"start":{"line":73,"column":8},"end":{"line":76,"column":10}},"16":{"start":{"line":82,"column":2},"end":{"line":146,"column":4}},"17":{"start":{"line":108,"column":18},"end":{"line":108,"column":52}},"18":{"start":{"line":116,"column":18},"end":{"line":116,"column":48}},"19":{"start":{"line":127,"column":18},"end":{"line":127,"column":48}},"20":{"start":{"line":140,"column":44},"end":{"line":140,"column":73}}},"fnMap":{"0":{"name":"(anonymous_0)","decl":{"start":{"line":37,"column":25},"end":{"line":37,"column":26}},"loc":{"start":{"line":37,"column":31},"end":{"line":147,"column":1}},"line":37},"1":{"name":"(anonymous_1)","decl":{"start":{"line":47,"column":4},"end":{"line":47,"column":5}},"loc":{"start":{"line":47,"column":36},"end":{"line":78,"column":5}},"line":47},"2":{"name":"(anonymous_2)","decl":{"start":{"line":107,"column":33},"end":{"line":107,"column":34}},"loc":{"start":{"line":107,"column":39},"end":{"line":109,"column":17}},"line":107},"3":{"name":"(anonymous_3)","decl":{"start":{"line":115,"column":33},"end":{"line":115,"column":34}},"loc":{"start":{"line":115,"column":39},"end":{"line":117,"column":17}},"line":115},"4":{"name":"(anonymous_4)","decl":{"start":{"line":126,"column":25},"end":{"line":126,"column":26}},"loc":{"start":{"line":126,"column":31},"end":{"line":128,"column":17}},"line":126},"5":{"name":"(anonymous_5)","decl":{"start":{"line":134,"column":37},"end":{"line":134,"column":38}},"loc":{"start":{"line":134,"column":43},"end":{"line":134,"column":45}},"line":134},"6":{"name":"(anonymous_6)","decl":{"start":{"line":140,"column":38},"end":{"line":140,"column":39}},"loc":{"start":{"line":140,"column":44},"end":{"line":140,"column":73}},"line":140}},"branchMap":{"0":{"loc":{"start":{"line":66,"column":8},"end":{"line":71,"column":9}},"type":"if","locations":[{"start":{"line":66,"column":8},"end":{"line":71,"column":9}},{"start":{"line":66,"column":8},"end":{"line":71,"column":9}}],"line":66},"1":{"loc":{"start":{"line":86,"column":18},"end":{"line":86,"column":63}},"type":"cond-expr","locations":[{"start":{"line":86,"column":42},"end":{"line":86,"column":51}},{"start":{"line":86,"column":54},"end":{"line":86,"column":63}}],"line":86}},"s":{"0":1,"1":1,"2":1,"3":1,"4":1,"5":1,"6":0,"7":0,"8":0,"9":0,"10":0,"11":0,"12":0,"13":0,"14":0,"15":0,"16":1,"17":0,"18":0,"19":0,"20":0},"f":{"0":1,"1":0,"2":0,"3":0,"4":0,"5":0,"6":0},"b":{"0":[0,0],"1":[1,0]},"_coverageSchema":"1a1c01bbd47fc00a2c39e90264f33305004495a9","hash":"0e0cf0596ac9784e20dd505f78073ef8d87d2a08"}
,"/Users/deividmafra/Documents/React/React-Native/goBarberApp/src/pages/SignUp/index.tsx": {"path":"/Users/deividmafra/Documents/React/React-Native/goBarberApp/src/pages/SignUp/index.tsx","statementMap":{"0":{"start":{"line":32,"column":25},"end":{"line":145,"column":1}},"1":{"start":{"line":33,"column":24},"end":{"line":33,"column":47}},"2":{"start":{"line":34,"column":27},"end":{"line":34,"column":50}},"3":{"start":{"line":36,"column":18},"end":{"line":36,"column":43}},"4":{"start":{"line":37,"column":21},"end":{"line":37,"column":36}},"5":{"start":{"line":39,"column":23},"end":{"line":76,"column":3}},"6":{"start":{"line":41,"column":6},"end":{"line":73,"column":7}},"7":{"start":{"line":42,"column":8},"end":{"line":42,"column":39}},"8":{"start":{"line":44,"column":23},"end":{"line":50,"column":10}},"9":{"start":{"line":52,"column":8},"end":{"line":54,"column":11}},"10":{"start":{"line":56,"column":8},"end":{"line":56,"column":39}},"11":{"start":{"line":58,"column":8},"end":{"line":58,"column":76}},"12":{"start":{"line":60,"column":8},"end":{"line":60,"column":28}},"13":{"start":{"line":62,"column":8},"end":{"line":67,"column":9}},"14":{"start":{"line":63,"column":25},"end":{"line":63,"column":49}},"15":{"start":{"line":64,"column":10},"end":{"line":64,"column":45}},"16":{"start":{"line":66,"column":10},"end":{"line":66,"column":17}},"17":{"start":{"line":69,"column":8},"end":{"line":72,"column":10}},"18":{"start":{"line":78,"column":2},"end":{"line":144,"column":4}},"19":{"start":{"line":103,"column":18},"end":{"line":103,"column":49}},"20":{"start":{"line":117,"column":18},"end":{"line":117,"column":52}},"21":{"start":{"line":128,"column":39},"end":{"line":128,"column":68}},"22":{"start":{"line":131,"column":37},"end":{"line":131,"column":66}},"23":{"start":{"line":138,"column":37},"end":{"line":138,"column":56}}},"fnMap":{"0":{"name":"(anonymous_0)","decl":{"start":{"line":32,"column":25},"end":{"line":32,"column":26}},"loc":{"start":{"line":32,"column":31},"end":{"line":145,"column":1}},"line":32},"1":{"name":"(anonymous_1)","decl":{"start":{"line":40,"column":4},"end":{"line":40,"column":5}},"loc":{"start":{"line":40,"column":36},"end":{"line":74,"column":5}},"line":40},"2":{"name":"(anonymous_2)","decl":{"start":{"line":102,"column":33},"end":{"line":102,"column":34}},"loc":{"start":{"line":102,"column":39},"end":{"line":104,"column":17}},"line":102},"3":{"name":"(anonymous_3)","decl":{"start":{"line":116,"column":33},"end":{"line":116,"column":34}},"loc":{"start":{"line":116,"column":39},"end":{"line":118,"column":17}},"line":116},"4":{"name":"(anonymous_4)","decl":{"start":{"line":128,"column":33},"end":{"line":128,"column":34}},"loc":{"start":{"line":128,"column":39},"end":{"line":128,"column":68}},"line":128},"5":{"name":"(anonymous_5)","decl":{"start":{"line":131,"column":31},"end":{"line":131,"column":32}},"loc":{"start":{"line":131,"column":37},"end":{"line":131,"column":66}},"line":131},"6":{"name":"(anonymous_6)","decl":{"start":{"line":138,"column":31},"end":{"line":138,"column":32}},"loc":{"start":{"line":138,"column":37},"end":{"line":138,"column":56}},"line":138}},"branchMap":{"0":{"loc":{"start":{"line":62,"column":8},"end":{"line":67,"column":9}},"type":"if","locations":[{"start":{"line":62,"column":8},"end":{"line":67,"column":9}},{"start":{"line":62,"column":8},"end":{"line":67,"column":9}}],"line":62},"1":{"loc":{"start":{"line":82,"column":18},"end":{"line":82,"column":63}},"type":"cond-expr","locations":[{"start":{"line":82,"column":42},"end":{"line":82,"column":51}},{"start":{"line":82,"column":54},"end":{"line":82,"column":63}}],"line":82}},"s":{"0":0,"1":0,"2":0,"3":0,"4":0,"5":0,"6":0,"7":0,"8":0,"9":0,"10":0,"11":0,"12":0,"13":0,"14":0,"15":0,"16":0,"17":0,"18":0,"19":0,"20":0,"21":0,"22":0,"23":0},"f":{"0":0,"1":0,"2":0,"3":0,"4":0,"5":0,"6":0},"b":{"0":[0,0],"1":[0,0]}}
}
